#
# There is insufficient memory for the Java Runtime Environment to continue.
# Native memory allocation (malloc) failed to allocate 32744 bytes for ChunkPool::allocate
# Possible reasons:
#   The system is out of physical RAM or swap space
#   The process is running with CompressedOops enabled, and the Java Heap may be blocking the growth of the native heap
# Possible solutions:
#   Reduce memory load on the system
#   Increase physical memory or swap space
#   Check if swap backing store is full
#   Decrease Java heap size (-Xmx/-Xms)
#   Decrease number of Java threads
#   Decrease Java thread stack sizes (-Xss)
#   Set larger code cache with -XX:ReservedCodeCacheSize=
#   JVM is running with Unscaled Compressed Oops mode in which the Java heap is
#     placed in the first 4GB address space. The Java Heap base address is the
#     maximum limit for the native heap growth. Please use -XX:HeapBaseMinAddress
#     to set the Java Heap base and to place the Java Heap above 4GB virtual address.
# This output file may be truncated or incomplete.
#
#  Out of Memory Error (arena.cpp:79), pid=20748, tid=21364
#
# JRE version: OpenJDK Runtime Environment Temurin-17.0.10+7 (17.0.10+7) (build 17.0.10+7)
# Java VM: OpenJDK 64-Bit Server VM Temurin-17.0.10+7 (17.0.10+7, mixed mode, tiered, compressed oops, compressed class ptrs, g1 gc, windows-amd64)
# No core dump will be written. Minidumps are not enabled by default on client versions of Windows
#

---------------  S U M M A R Y ------------

Command Line: -Dfile.encoding=windows-1252 -Dstdout.encoding=windows-1252 -Dstderr.encoding=windows-1252 -XX:+ShowCodeDetailsInExceptionMessages prueba.Prueba

Host: Intel(R) Core(TM) i5-8250U CPU @ 1.60GHz, 8 cores, 7G,  Windows 10 , 64 bit Build 19041 (10.0.19041.3636)
Time: Sun Apr 21 19:54:51 2024 Hora de verano romance elapsed time: 31.812902 seconds (0d 0h 0m 31s)

---------------  T H R E A D  ---------------

Current thread (0x000001aa930585b0):  JavaThread "C1 CompilerThread0" daemon [_thread_in_native, id=21364, stack(0x0000001ea2d00000,0x0000001ea2e00000)]


Current CompileTask:
C1:  31813 1804       3       sun.nio.fs.WindowsPathParser::normalize (233 bytes)

Stack: [0x0000001ea2d00000,0x0000001ea2e00000]
Native frames: (J=compiled Java code, j=interpreted, Vv=VM code, C=native code)
V  [jvm.dll+0x67d2c9]
V  [jvm.dll+0x834afa]
V  [jvm.dll+0x8365be]
V  [jvm.dll+0x836c23]
V  [jvm.dll+0x2477ff]
V  [jvm.dll+0xac711]
V  [jvm.dll+0xacb5c]
V  [jvm.dll+0x16c4e0]
V  [jvm.dll+0x16b1ab]
V  [jvm.dll+0x1651d2]
V  [jvm.dll+0x15f60e]
V  [jvm.dll+0x14d7b0]
V  [jvm.dll+0x1362e7]
V  [jvm.dll+0x135c7f]
V  [jvm.dll+0x135eb6]
V  [jvm.dll+0x13534a]
V  [jvm.dll+0x137001]
V  [jvm.dll+0x2290de]
V  [jvm.dll+0x2272ac]
V  [jvm.dll+0x7e9bb7]
V  [jvm.dll+0x7e3fba]
V  [jvm.dll+0x67c1b5]
C  [ucrtbase.dll+0x21bb2]
C  [KERNEL32.DLL+0x17344]
C  [ntdll.dll+0x526b1]


---------------  P R O C E S S  ---------------

Threads class SMR info:
_java_thread_list=0x000001aa9417b010, length=43, elements={
0x000001aaef030040, 0x000001aafb957e90, 0x000001aafb95c520, 0x000001aafb9819a0,
0x000001aa9303d410, 0x000001aa9303ec60, 0x000001aa930400a0, 0x000001aa93057b00,
0x000001aa930585b0, 0x000001aa9305f7b0, 0x000001aa93040ac0, 0x000001aa9303f170,
0x000001aa9303dd30, 0x000001aa930414e0, 0x000001aa9303e240, 0x000001aa930405b0,
0x000001aa9303e750, 0x000001aa9303f680, 0x000001aa9420f4a0, 0x000001aa94212740,
0x000001aa9420fec0, 0x000001aa942108e0, 0x000001aa94211d20, 0x000001aa9420ef90,
0x000001aa94212c50, 0x000001aa94210df0, 0x000001aa94211300, 0x000001aa942145a0,
0x000001aa94213b80, 0x000001aa94213160, 0x000001aa94212230, 0x000001aa94211810,
0x000001aa94214fc0, 0x000001aa94214090, 0x000001aa94214ab0, 0x000001aa9420f9b0,
0x000001aa94213670, 0x000001aa942154d0, 0x000001aa9420ea80, 0x000001aa9420e060,
0x000001aa9420e570, 0x000001aa942159e0, 0x000001aa942103d0
}

Java Threads: ( => current thread )
  0x000001aaef030040 JavaThread "main" [_thread_in_vm, id=15616, stack(0x0000001ea1f00000,0x0000001ea2000000)]
  0x000001aafb957e90 JavaThread "Reference Handler" daemon [_thread_blocked, id=21868, stack(0x0000001ea2600000,0x0000001ea2700000)]
  0x000001aafb95c520 JavaThread "Finalizer" daemon [_thread_blocked, id=12928, stack(0x0000001ea2700000,0x0000001ea2800000)]
  0x000001aafb9819a0 JavaThread "Signal Dispatcher" daemon [_thread_blocked, id=14548, stack(0x0000001ea2800000,0x0000001ea2900000)]
  0x000001aa9303d410 JavaThread "Attach Listener" daemon [_thread_blocked, id=11772, stack(0x0000001ea2900000,0x0000001ea2a00000)]
  0x000001aa9303ec60 JavaThread "Service Thread" daemon [_thread_blocked, id=11792, stack(0x0000001ea2a00000,0x0000001ea2b00000)]
  0x000001aa930400a0 JavaThread "Monitor Deflation Thread" daemon [_thread_blocked, id=12132, stack(0x0000001ea2b00000,0x0000001ea2c00000)]
  0x000001aa93057b00 JavaThread "C2 CompilerThread0" daemon [_thread_in_native, id=17980, stack(0x0000001ea2c00000,0x0000001ea2d00000)]
=>0x000001aa930585b0 JavaThread "C1 CompilerThread0" daemon [_thread_in_native, id=21364, stack(0x0000001ea2d00000,0x0000001ea2e00000)]
  0x000001aa9305f7b0 JavaThread "Sweeper thread" daemon [_thread_blocked, id=2792, stack(0x0000001ea2e00000,0x0000001ea2f00000)]
  0x000001aa93040ac0 JavaThread "Notification Thread" daemon [_thread_blocked, id=20880, stack(0x0000001ea2f00000,0x0000001ea3000000)]
  0x000001aa9303f170 JavaThread "Common-Cleaner" daemon [_thread_blocked, id=844, stack(0x0000001ea3100000,0x0000001ea3200000)]
  0x000001aa9303dd30 JavaThread "ForkJoinPool.commonPool-worker-1" daemon [_thread_blocked, id=21744, stack(0x0000001ea3200000,0x0000001ea3300000)]
  0x000001aa930414e0 JavaThread "HttpClient-1-SelectorManager" daemon [_thread_in_native, id=21172, stack(0x0000001ea3300000,0x0000001ea3400000)]
  0x000001aa9303e240 JavaThread "External Process Output Forwarder - C:\Users\Usuario\.cache\selenium\chromedriver\win64\123.0.6312.122\chromedriver.exe" daemon [_thread_in_native, id=7436, stack(0x0000001ea3400000,0x0000001ea3500000)]
  0x000001aa930405b0 JavaThread "Driver Service Executor" daemon [_thread_blocked, id=13340, stack(0x0000001ea3500000,0x0000001ea3600000)]
  0x000001aa9303e750 JavaThread "Driver Service Executor" daemon [_thread_blocked, id=1096, stack(0x0000001ea3600000,0x0000001ea3700000)]
  0x000001aa9303f680 JavaThread "UrlChecker-2" daemon [_thread_blocked, id=20528, stack(0x0000001ea3700000,0x0000001ea3800000)]
  0x000001aa9420f4a0 JavaThread "JdkHttpClient-0-0" daemon [_thread_blocked, id=10056, stack(0x0000001ea4300000,0x0000001ea4400000)]
  0x000001aa94212740 JavaThread "JdkHttpClient-0-1" daemon [_thread_blocked, id=11112, stack(0x0000001ea4400000,0x0000001ea4500000)]
  0x000001aa9420fec0 JavaThread "JdkHttpClient-0-2" daemon [_thread_blocked, id=15888, stack(0x0000001ea4500000,0x0000001ea4600000)]
  0x000001aa942108e0 JavaThread "HttpClient-2-SelectorManager" daemon [_thread_in_native, id=11184, stack(0x0000001ea4600000,0x0000001ea4700000)]
  0x000001aa94211d20 JavaThread "JdkHttpClient-1-0" daemon [_thread_blocked, id=8936, stack(0x0000001ea4700000,0x0000001ea4800000)]
  0x000001aa9420ef90 JavaThread "JdkHttpClient-1-1" daemon [_thread_blocked, id=21316, stack(0x0000001ea4800000,0x0000001ea4900000)]
  0x000001aa94212c50 JavaThread "JdkHttpClient-1-2" daemon [_thread_blocked, id=12092, stack(0x0000001ea4900000,0x0000001ea4a00000)]
  0x000001aa94210df0 JavaThread "HttpClient-3-SelectorManager" daemon [_thread_in_native, id=20868, stack(0x0000001ea3900000,0x0000001ea3a00000)]
  0x000001aa94211300 JavaThread "External Process Output Forwarder - C:\Users\Usuario\.cache\selenium\geckodriver\win64\0.34.0\geckodriver.exe" daemon [_thread_in_native, id=19920, stack(0x0000001ea4a00000,0x0000001ea4b00000)]
  0x000001aa942145a0 JavaThread "Driver Service Executor" daemon [_thread_blocked, id=11532, stack(0x0000001ea4b00000,0x0000001ea4c00000)]
  0x000001aa94213b80 JavaThread "Driver Service Executor" daemon [_thread_in_native, id=6940, stack(0x0000001ea4c00000,0x0000001ea4d00000)]
  0x000001aa94213160 JavaThread "JdkHttpClient-2-0" daemon [_thread_blocked, id=17788, stack(0x0000001ea4d00000,0x0000001ea4e00000)]
  0x000001aa94212230 JavaThread "JdkHttpClient-2-1" daemon [_thread_blocked, id=22496, stack(0x0000001ea4e00000,0x0000001ea4f00000)]
  0x000001aa94211810 JavaThread "HttpClient-4-SelectorManager" daemon [_thread_in_native, id=17356, stack(0x0000001ea4f00000,0x0000001ea5000000)]
  0x000001aa94214fc0 JavaThread "HttpClient-5-SelectorManager" daemon [_thread_in_native, id=236, stack(0x0000001ea5000000,0x0000001ea5100000)]
  0x000001aa94214090 JavaThread "External Process Output Forwarder - C:\Users\Usuario\.cache\selenium\msedgedriver\win64\124.0.2478.51\msedgedriver.exe" daemon [_thread_in_native, id=20952, stack(0x0000001ea5100000,0x0000001ea5200000)]
  0x000001aa94214ab0 JavaThread "Driver Service Executor" daemon [_thread_blocked, id=1528, stack(0x0000001ea5200000,0x0000001ea5300000)]
  0x000001aa9420f9b0 JavaThread "Driver Service Executor" daemon [_thread_in_native, id=19208, stack(0x0000001ea5300000,0x0000001ea5400000)]
  0x000001aa94213670 JavaThread "Keep-Alive-Timer" daemon [_thread_blocked, id=8372, stack(0x0000001ea5400000,0x0000001ea5500000)]
  0x000001aa942154d0 JavaThread "JdkHttpClient-4-0" daemon [_thread_blocked, id=21008, stack(0x0000001ea5500000,0x0000001ea5600000)]
  0x000001aa9420ea80 JavaThread "JdkHttpClient-4-1" daemon [_thread_blocked, id=15884, stack(0x0000001ea5600000,0x0000001ea5700000)]
  0x000001aa9420e060 JavaThread "HttpClient-6-SelectorManager" daemon [_thread_in_native, id=8080, stack(0x0000001ea5900000,0x0000001ea5a00000)]
  0x000001aa9420e570 JavaThread "JdkHttpClient-5-0" daemon [_thread_blocked, id=19576, stack(0x0000001ea5a00000,0x0000001ea5b00000)]
  0x000001aa942159e0 JavaThread "JdkHttpClient-5-1" daemon [_thread_blocked, id=5540, stack(0x0000001ea5b00000,0x0000001ea5c00000)]
  0x000001aa942103d0 JavaThread "JdkHttpClient-5-2" daemon [_thread_blocked, id=19380, stack(0x0000001ea5c00000,0x0000001ea5d00000)]

Other Threads:
  0x000001aafb9545c0 VMThread "VM Thread" [stack: 0x0000001ea2500000,0x0000001ea2600000] [id=20128]
  0x000001aa930e0010 WatcherThread [stack: 0x0000001ea3000000,0x0000001ea3100000] [id=20820]
  0x000001aaef084f90 GCTaskThread "GC Thread#0" [stack: 0x0000001ea2000000,0x0000001ea2100000] [id=11872]
  0x000001aa940dea30 GCTaskThread "GC Thread#1" [stack: 0x0000001ea3a00000,0x0000001ea3b00000] [id=5312]
  0x000001aa94103110 GCTaskThread "GC Thread#2" [stack: 0x0000001ea3b00000,0x0000001ea3c00000] [id=1516]
  0x000001aa941033d0 GCTaskThread "GC Thread#3" [stack: 0x0000001ea3c00000,0x0000001ea3d00000] [id=22160]
  0x000001aa941076a0 GCTaskThread "GC Thread#4" [stack: 0x0000001ea3d00000,0x0000001ea3e00000] [id=16596]
  0x000001aa94108170 GCTaskThread "GC Thread#5" [stack: 0x0000001ea3e00000,0x0000001ea3f00000] [id=19536]
  0x000001aa94108430 GCTaskThread "GC Thread#6" [stack: 0x0000001ea3f00000,0x0000001ea4000000] [id=2800]
  0x000001aa941086f0 GCTaskThread "GC Thread#7" [stack: 0x0000001ea4000000,0x0000001ea4100000] [id=4688]
  0x000001aaef094f10 ConcurrentGCThread "G1 Main Marker" [stack: 0x0000001ea2100000,0x0000001ea2200000] [id=20636]
  0x000001aaef095830 ConcurrentGCThread "G1 Conc#0" [stack: 0x0000001ea2200000,0x0000001ea2300000] [id=7060]
  0x000001aafb7c20c0 ConcurrentGCThread "G1 Refine#0" [stack: 0x0000001ea2300000,0x0000001ea2400000] [id=4708]
  0x000001aa940e49f0 ConcurrentGCThread "G1 Refine#1" [stack: 0x0000001ea4100000,0x0000001ea4200000] [id=13260]
  0x000001aa940e3110 ConcurrentGCThread "G1 Refine#2" [stack: 0x0000001ea4200000,0x0000001ea4300000] [id=12360]
  0x000001aafb7c3a00 ConcurrentGCThread "G1 Service" [stack: 0x0000001ea2400000,0x0000001ea2500000] [id=2700]

Threads with active compile tasks:
C2 CompilerThread0    31929 1797       4       java.util.HashMap::putVal (300 bytes)
C1 CompilerThread0    31929 1804       3       sun.nio.fs.WindowsPathParser::normalize (233 bytes)

VM state: not at safepoint (normal execution)

VM Mutex/Monitor currently owned by a thread: None

Heap address: 0x000000008ba00000, size: 1862 MB, Compressed Oops mode: 32-bit

CDS archive(s) not mapped
Compressed class space mapped at: 0x0000000100000000-0x0000000140000000, reserved size: 1073741824
Narrow klass base: 0x0000000000000000, Narrow klass shift: 3, Narrow klass range: 0x140000000

GC Precious Log:
 CPUs: 8 total, 8 available
 Memory: 7441M
 Large Page Support: Disabled
 NUMA Support: Disabled
 Compressed Oops: Enabled (32-bit)
 Heap Region Size: 1M
 Heap Min Capacity: 8M
 Heap Initial Capacity: 118M
 Heap Max Capacity: 1862M
 Pre-touch: Disabled
 Parallel Workers: 8
 Concurrent Workers: 2
 Concurrent Refinement Workers: 8
 Periodic GC: Disabled

Heap:
 garbage-first heap   total 120832K, used 21728K [0x000000008ba00000, 0x0000000100000000)
  region size 1024K, 20 young (20480K), 3 survivors (3072K)
 Metaspace       used 20421K, committed 20800K, reserved 1114112K
  class space    used 2195K, committed 2368K, reserved 1048576K

Heap Regions: E=young(eden), S=young(survivor), O=old, HS=humongous(starts), HC=humongous(continues), CS=collection set, F=free, OA=open archive, CA=closed archive, TAMS=top-at-mark-start (previous, next)
|   0|0x000000008ba00000, 0x000000008bb00000, 0x000000008bb00000|100%| O|  |TAMS 0x000000008ba00000, 0x000000008ba00000| Untracked 
|   1|0x000000008bb00000, 0x000000008bc00000, 0x000000008bc00000|100%| O|  |TAMS 0x000000008bb00000, 0x000000008bb00000| Untracked 
|   2|0x000000008bc00000, 0x000000008bc38000, 0x000000008bd00000| 21%| O|  |TAMS 0x000000008bc00000, 0x000000008bc00000| Untracked 
|   3|0x000000008bd00000, 0x000000008bd00000, 0x000000008be00000|  0%| F|  |TAMS 0x000000008bd00000, 0x000000008bd00000| Untracked 
|   4|0x000000008be00000, 0x000000008be00000, 0x000000008bf00000|  0%| F|  |TAMS 0x000000008be00000, 0x000000008be00000| Untracked 
|   5|0x000000008bf00000, 0x000000008bf00000, 0x000000008c000000|  0%| F|  |TAMS 0x000000008bf00000, 0x000000008bf00000| Untracked 
|   6|0x000000008c000000, 0x000000008c000000, 0x000000008c100000|  0%| F|  |TAMS 0x000000008c000000, 0x000000008c000000| Untracked 
|   7|0x000000008c100000, 0x000000008c100000, 0x000000008c200000|  0%| F|  |TAMS 0x000000008c100000, 0x000000008c100000| Untracked 
|   8|0x000000008c200000, 0x000000008c200000, 0x000000008c300000|  0%| F|  |TAMS 0x000000008c200000, 0x000000008c200000| Untracked 
|   9|0x000000008c300000, 0x000000008c300000, 0x000000008c400000|  0%| F|  |TAMS 0x000000008c300000, 0x000000008c300000| Untracked 
|  10|0x000000008c400000, 0x000000008c400000, 0x000000008c500000|  0%| F|  |TAMS 0x000000008c400000, 0x000000008c400000| Untracked 
|  11|0x000000008c500000, 0x000000008c500000, 0x000000008c600000|  0%| F|  |TAMS 0x000000008c500000, 0x000000008c500000| Untracked 
|  12|0x000000008c600000, 0x000000008c600000, 0x000000008c700000|  0%| F|  |TAMS 0x000000008c600000, 0x000000008c600000| Untracked 
|  13|0x000000008c700000, 0x000000008c700000, 0x000000008c800000|  0%| F|  |TAMS 0x000000008c700000, 0x000000008c700000| Untracked 
|  14|0x000000008c800000, 0x000000008c800000, 0x000000008c900000|  0%| F|  |TAMS 0x000000008c800000, 0x000000008c800000| Untracked 
|  15|0x000000008c900000, 0x000000008c900000, 0x000000008ca00000|  0%| F|  |TAMS 0x000000008c900000, 0x000000008c900000| Untracked 
|  16|0x000000008ca00000, 0x000000008ca00000, 0x000000008cb00000|  0%| F|  |TAMS 0x000000008ca00000, 0x000000008ca00000| Untracked 
|  17|0x000000008cb00000, 0x000000008cb00000, 0x000000008cc00000|  0%| F|  |TAMS 0x000000008cb00000, 0x000000008cb00000| Untracked 
|  18|0x000000008cc00000, 0x000000008cc00000, 0x000000008cd00000|  0%| F|  |TAMS 0x000000008cc00000, 0x000000008cc00000| Untracked 
|  19|0x000000008cd00000, 0x000000008cd00000, 0x000000008ce00000|  0%| F|  |TAMS 0x000000008cd00000, 0x000000008cd00000| Untracked 
|  20|0x000000008ce00000, 0x000000008ce00000, 0x000000008cf00000|  0%| F|  |TAMS 0x000000008ce00000, 0x000000008ce00000| Untracked 
|  21|0x000000008cf00000, 0x000000008cf00000, 0x000000008d000000|  0%| F|  |TAMS 0x000000008cf00000, 0x000000008cf00000| Untracked 
|  22|0x000000008d000000, 0x000000008d000000, 0x000000008d100000|  0%| F|  |TAMS 0x000000008d000000, 0x000000008d000000| Untracked 
|  23|0x000000008d100000, 0x000000008d100000, 0x000000008d200000|  0%| F|  |TAMS 0x000000008d100000, 0x000000008d100000| Untracked 
|  24|0x000000008d200000, 0x000000008d200000, 0x000000008d300000|  0%| F|  |TAMS 0x000000008d200000, 0x000000008d200000| Untracked 
|  25|0x000000008d300000, 0x000000008d300000, 0x000000008d400000|  0%| F|  |TAMS 0x000000008d300000, 0x000000008d300000| Untracked 
|  26|0x000000008d400000, 0x000000008d400000, 0x000000008d500000|  0%| F|  |TAMS 0x000000008d400000, 0x000000008d400000| Untracked 
|  27|0x000000008d500000, 0x000000008d500000, 0x000000008d600000|  0%| F|  |TAMS 0x000000008d500000, 0x000000008d500000| Untracked 
|  28|0x000000008d600000, 0x000000008d600000, 0x000000008d700000|  0%| F|  |TAMS 0x000000008d600000, 0x000000008d600000| Untracked 
|  29|0x000000008d700000, 0x000000008d700000, 0x000000008d800000|  0%| F|  |TAMS 0x000000008d700000, 0x000000008d700000| Untracked 
|  30|0x000000008d800000, 0x000000008d800000, 0x000000008d900000|  0%| F|  |TAMS 0x000000008d800000, 0x000000008d800000| Untracked 
|  31|0x000000008d900000, 0x000000008d900000, 0x000000008da00000|  0%| F|  |TAMS 0x000000008d900000, 0x000000008d900000| Untracked 
|  32|0x000000008da00000, 0x000000008da00000, 0x000000008db00000|  0%| F|  |TAMS 0x000000008da00000, 0x000000008da00000| Untracked 
|  33|0x000000008db00000, 0x000000008db00000, 0x000000008dc00000|  0%| F|  |TAMS 0x000000008db00000, 0x000000008db00000| Untracked 
|  34|0x000000008dc00000, 0x000000008dc00000, 0x000000008dd00000|  0%| F|  |TAMS 0x000000008dc00000, 0x000000008dc00000| Untracked 
|  35|0x000000008dd00000, 0x000000008dd00000, 0x000000008de00000|  0%| F|  |TAMS 0x000000008dd00000, 0x000000008dd00000| Untracked 
|  36|0x000000008de00000, 0x000000008de00000, 0x000000008df00000|  0%| F|  |TAMS 0x000000008de00000, 0x000000008de00000| Untracked 
|  37|0x000000008df00000, 0x000000008df00000, 0x000000008e000000|  0%| F|  |TAMS 0x000000008df00000, 0x000000008df00000| Untracked 
|  38|0x000000008e000000, 0x000000008e000000, 0x000000008e100000|  0%| F|  |TAMS 0x000000008e000000, 0x000000008e000000| Untracked 
|  39|0x000000008e100000, 0x000000008e100000, 0x000000008e200000|  0%| F|  |TAMS 0x000000008e100000, 0x000000008e100000| Untracked 
|  40|0x000000008e200000, 0x000000008e200000, 0x000000008e300000|  0%| F|  |TAMS 0x000000008e200000, 0x000000008e200000| Untracked 
|  41|0x000000008e300000, 0x000000008e300000, 0x000000008e400000|  0%| F|  |TAMS 0x000000008e300000, 0x000000008e300000| Untracked 
|  42|0x000000008e400000, 0x000000008e400000, 0x000000008e500000|  0%| F|  |TAMS 0x000000008e400000, 0x000000008e400000| Untracked 
|  43|0x000000008e500000, 0x000000008e500000, 0x000000008e600000|  0%| F|  |TAMS 0x000000008e500000, 0x000000008e500000| Untracked 
|  44|0x000000008e600000, 0x000000008e600000, 0x000000008e700000|  0%| F|  |TAMS 0x000000008e600000, 0x000000008e600000| Untracked 
|  45|0x000000008e700000, 0x000000008e700000, 0x000000008e800000|  0%| F|  |TAMS 0x000000008e700000, 0x000000008e700000| Untracked 
|  46|0x000000008e800000, 0x000000008e800000, 0x000000008e900000|  0%| F|  |TAMS 0x000000008e800000, 0x000000008e800000| Untracked 
|  47|0x000000008e900000, 0x000000008e900000, 0x000000008ea00000|  0%| F|  |TAMS 0x000000008e900000, 0x000000008e900000| Untracked 
|  48|0x000000008ea00000, 0x000000008ea00000, 0x000000008eb00000|  0%| F|  |TAMS 0x000000008ea00000, 0x000000008ea00000| Untracked 
|  49|0x000000008eb00000, 0x000000008eb00000, 0x000000008ec00000|  0%| F|  |TAMS 0x000000008eb00000, 0x000000008eb00000| Untracked 
|  50|0x000000008ec00000, 0x000000008ec00000, 0x000000008ed00000|  0%| F|  |TAMS 0x000000008ec00000, 0x000000008ec00000| Untracked 
|  51|0x000000008ed00000, 0x000000008ed00000, 0x000000008ee00000|  0%| F|  |TAMS 0x000000008ed00000, 0x000000008ed00000| Untracked 
|  52|0x000000008ee00000, 0x000000008ee00000, 0x000000008ef00000|  0%| F|  |TAMS 0x000000008ee00000, 0x000000008ee00000| Untracked 
|  53|0x000000008ef00000, 0x000000008ef00000, 0x000000008f000000|  0%| F|  |TAMS 0x000000008ef00000, 0x000000008ef00000| Untracked 
|  54|0x000000008f000000, 0x000000008f000000, 0x000000008f100000|  0%| F|  |TAMS 0x000000008f000000, 0x000000008f000000| Untracked 
|  55|0x000000008f100000, 0x000000008f100000, 0x000000008f200000|  0%| F|  |TAMS 0x000000008f100000, 0x000000008f100000| Untracked 
|  56|0x000000008f200000, 0x000000008f200000, 0x000000008f300000|  0%| F|  |TAMS 0x000000008f200000, 0x000000008f200000| Untracked 
|  57|0x000000008f300000, 0x000000008f300000, 0x000000008f400000|  0%| F|  |TAMS 0x000000008f300000, 0x000000008f300000| Untracked 
|  58|0x000000008f400000, 0x000000008f400000, 0x000000008f500000|  0%| F|  |TAMS 0x000000008f400000, 0x000000008f400000| Untracked 
|  59|0x000000008f500000, 0x000000008f500000, 0x000000008f600000|  0%| F|  |TAMS 0x000000008f500000, 0x000000008f500000| Untracked 
|  60|0x000000008f600000, 0x000000008f600000, 0x000000008f700000|  0%| F|  |TAMS 0x000000008f600000, 0x000000008f600000| Untracked 
|  61|0x000000008f700000, 0x000000008f700000, 0x000000008f800000|  0%| F|  |TAMS 0x000000008f700000, 0x000000008f700000| Untracked 
|  62|0x000000008f800000, 0x000000008f800000, 0x000000008f900000|  0%| F|  |TAMS 0x000000008f800000, 0x000000008f800000| Untracked 
|  63|0x000000008f900000, 0x000000008f900000, 0x000000008fa00000|  0%| F|  |TAMS 0x000000008f900000, 0x000000008f900000| Untracked 
|  64|0x000000008fa00000, 0x000000008fa00000, 0x000000008fb00000|  0%| F|  |TAMS 0x000000008fa00000, 0x000000008fa00000| Untracked 
|  65|0x000000008fb00000, 0x000000008fb00000, 0x000000008fc00000|  0%| F|  |TAMS 0x000000008fb00000, 0x000000008fb00000| Untracked 
|  66|0x000000008fc00000, 0x000000008fc00000, 0x000000008fd00000|  0%| F|  |TAMS 0x000000008fc00000, 0x000000008fc00000| Untracked 
|  67|0x000000008fd00000, 0x000000008fd00000, 0x000000008fe00000|  0%| F|  |TAMS 0x000000008fd00000, 0x000000008fd00000| Untracked 
|  68|0x000000008fe00000, 0x000000008fe00000, 0x000000008ff00000|  0%| F|  |TAMS 0x000000008fe00000, 0x000000008fe00000| Untracked 
|  69|0x000000008ff00000, 0x000000008ff00000, 0x0000000090000000|  0%| F|  |TAMS 0x000000008ff00000, 0x000000008ff00000| Untracked 
|  70|0x0000000090000000, 0x0000000090000000, 0x0000000090100000|  0%| F|  |TAMS 0x0000000090000000, 0x0000000090000000| Untracked 
|  71|0x0000000090100000, 0x0000000090100000, 0x0000000090200000|  0%| F|  |TAMS 0x0000000090100000, 0x0000000090100000| Untracked 
|  72|0x0000000090200000, 0x0000000090200000, 0x0000000090300000|  0%| F|  |TAMS 0x0000000090200000, 0x0000000090200000| Untracked 
|  73|0x0000000090300000, 0x0000000090300000, 0x0000000090400000|  0%| F|  |TAMS 0x0000000090300000, 0x0000000090300000| Untracked 
|  74|0x0000000090400000, 0x0000000090400000, 0x0000000090500000|  0%| F|  |TAMS 0x0000000090400000, 0x0000000090400000| Untracked 
|  75|0x0000000090500000, 0x0000000090500000, 0x0000000090600000|  0%| F|  |TAMS 0x0000000090500000, 0x0000000090500000| Untracked 
|  76|0x0000000090600000, 0x0000000090600000, 0x0000000090700000|  0%| F|  |TAMS 0x0000000090600000, 0x0000000090600000| Untracked 
|  77|0x0000000090700000, 0x0000000090700000, 0x0000000090800000|  0%| F|  |TAMS 0x0000000090700000, 0x0000000090700000| Untracked 
|  78|0x0000000090800000, 0x0000000090800000, 0x0000000090900000|  0%| F|  |TAMS 0x0000000090800000, 0x0000000090800000| Untracked 
|  79|0x0000000090900000, 0x0000000090900000, 0x0000000090a00000|  0%| F|  |TAMS 0x0000000090900000, 0x0000000090900000| Untracked 
|  80|0x0000000090a00000, 0x0000000090a00000, 0x0000000090b00000|  0%| F|  |TAMS 0x0000000090a00000, 0x0000000090a00000| Untracked 
|  81|0x0000000090b00000, 0x0000000090b00000, 0x0000000090c00000|  0%| F|  |TAMS 0x0000000090b00000, 0x0000000090b00000| Untracked 
|  82|0x0000000090c00000, 0x0000000090c00000, 0x0000000090d00000|  0%| F|  |TAMS 0x0000000090c00000, 0x0000000090c00000| Untracked 
|  83|0x0000000090d00000, 0x0000000090d00000, 0x0000000090e00000|  0%| F|  |TAMS 0x0000000090d00000, 0x0000000090d00000| Untracked 
|  84|0x0000000090e00000, 0x0000000090e00000, 0x0000000090f00000|  0%| F|  |TAMS 0x0000000090e00000, 0x0000000090e00000| Untracked 
|  85|0x0000000090f00000, 0x0000000090f00000, 0x0000000091000000|  0%| F|  |TAMS 0x0000000090f00000, 0x0000000090f00000| Untracked 
|  86|0x0000000091000000, 0x0000000091000000, 0x0000000091100000|  0%| F|  |TAMS 0x0000000091000000, 0x0000000091000000| Untracked 
|  87|0x0000000091100000, 0x0000000091100000, 0x0000000091200000|  0%| F|  |TAMS 0x0000000091100000, 0x0000000091100000| Untracked 
|  88|0x0000000091200000, 0x0000000091200000, 0x0000000091300000|  0%| F|  |TAMS 0x0000000091200000, 0x0000000091200000| Untracked 
|  89|0x0000000091300000, 0x0000000091300000, 0x0000000091400000|  0%| F|  |TAMS 0x0000000091300000, 0x0000000091300000| Untracked 
|  90|0x0000000091400000, 0x0000000091400000, 0x0000000091500000|  0%| F|  |TAMS 0x0000000091400000, 0x0000000091400000| Untracked 
|  91|0x0000000091500000, 0x0000000091500000, 0x0000000091600000|  0%| F|  |TAMS 0x0000000091500000, 0x0000000091500000| Untracked 
|  92|0x0000000091600000, 0x0000000091700000, 0x0000000091700000|100%| S|CS|TAMS 0x0000000091600000, 0x0000000091600000| Complete 
|  93|0x0000000091700000, 0x0000000091800000, 0x0000000091800000|100%| S|CS|TAMS 0x0000000091700000, 0x0000000091700000| Complete 
|  94|0x0000000091800000, 0x0000000091900000, 0x0000000091900000|100%| S|CS|TAMS 0x0000000091800000, 0x0000000091800000| Complete 
|  95|0x0000000091900000, 0x0000000091900000, 0x0000000091a00000|  0%| F|  |TAMS 0x0000000091900000, 0x0000000091900000| Untracked 
|  96|0x0000000091a00000, 0x0000000091a00000, 0x0000000091b00000|  0%| F|  |TAMS 0x0000000091a00000, 0x0000000091a00000| Untracked 
|  97|0x0000000091b00000, 0x0000000091b00000, 0x0000000091c00000|  0%| F|  |TAMS 0x0000000091b00000, 0x0000000091b00000| Untracked 
|  98|0x0000000091c00000, 0x0000000091c00000, 0x0000000091d00000|  0%| F|  |TAMS 0x0000000091c00000, 0x0000000091c00000| Untracked 
|  99|0x0000000091d00000, 0x0000000091d00000, 0x0000000091e00000|  0%| F|  |TAMS 0x0000000091d00000, 0x0000000091d00000| Untracked 
| 100|0x0000000091e00000, 0x0000000091e00000, 0x0000000091f00000|  0%| F|  |TAMS 0x0000000091e00000, 0x0000000091e00000| Untracked 
| 101|0x0000000091f00000, 0x0000000091f80800, 0x0000000092000000| 50%| E|  |TAMS 0x0000000091f00000, 0x0000000091f00000| Complete 
| 102|0x0000000092000000, 0x0000000092100000, 0x0000000092100000|100%| E|CS|TAMS 0x0000000092000000, 0x0000000092000000| Complete 
| 103|0x0000000092100000, 0x0000000092200000, 0x0000000092200000|100%| E|CS|TAMS 0x0000000092100000, 0x0000000092100000| Complete 
| 104|0x0000000092200000, 0x0000000092300000, 0x0000000092300000|100%| E|CS|TAMS 0x0000000092200000, 0x0000000092200000| Complete 
| 105|0x0000000092300000, 0x0000000092400000, 0x0000000092400000|100%| E|CS|TAMS 0x0000000092300000, 0x0000000092300000| Complete 
| 106|0x0000000092400000, 0x0000000092500000, 0x0000000092500000|100%| E|CS|TAMS 0x0000000092400000, 0x0000000092400000| Complete 
| 107|0x0000000092500000, 0x0000000092600000, 0x0000000092600000|100%| E|CS|TAMS 0x0000000092500000, 0x0000000092500000| Complete 
| 108|0x0000000092600000, 0x0000000092700000, 0x0000000092700000|100%| E|CS|TAMS 0x0000000092600000, 0x0000000092600000| Complete 
| 109|0x0000000092700000, 0x0000000092800000, 0x0000000092800000|100%| E|CS|TAMS 0x0000000092700000, 0x0000000092700000| Complete 
| 110|0x0000000092800000, 0x0000000092900000, 0x0000000092900000|100%| E|CS|TAMS 0x0000000092800000, 0x0000000092800000| Complete 
| 111|0x0000000092900000, 0x0000000092a00000, 0x0000000092a00000|100%| E|CS|TAMS 0x0000000092900000, 0x0000000092900000| Complete 
| 112|0x0000000092a00000, 0x0000000092b00000, 0x0000000092b00000|100%| E|CS|TAMS 0x0000000092a00000, 0x0000000092a00000| Complete 
| 113|0x0000000092b00000, 0x0000000092c00000, 0x0000000092c00000|100%| E|CS|TAMS 0x0000000092b00000, 0x0000000092b00000| Complete 
| 114|0x0000000092c00000, 0x0000000092d00000, 0x0000000092d00000|100%| E|CS|TAMS 0x0000000092c00000, 0x0000000092c00000| Complete 
| 115|0x0000000092d00000, 0x0000000092e00000, 0x0000000092e00000|100%| E|CS|TAMS 0x0000000092d00000, 0x0000000092d00000| Complete 
| 116|0x0000000092e00000, 0x0000000092f00000, 0x0000000092f00000|100%| E|CS|TAMS 0x0000000092e00000, 0x0000000092e00000| Complete 
| 117|0x0000000092f00000, 0x0000000093000000, 0x0000000093000000|100%| E|CS|TAMS 0x0000000092f00000, 0x0000000092f00000| Complete 

Card table byte_map: [0x000001aaf4cf0000,0x000001aaf50a0000] _byte_map_base: 0x000001aaf4893000

Marking Bits (Prev, Next): (CMBitMap*) 0x000001aaef0854b0, (CMBitMap*) 0x000001aaef0854f0
 Prev Bits: [0x000001aaf5450000, 0x000001aaf7168000)
 Next Bits: [0x000001aaf7170000, 0x000001aaf8e88000)

Polling page: 0x000001aaef0e0000

Metaspace:

Usage:
  Non-class:     17.80 MB used.
      Class:      2.14 MB used.
       Both:     19.94 MB used.

Virtual space:
  Non-class space:       64.00 MB reserved,      18.00 MB ( 28%) committed,  1 nodes.
      Class space:        1.00 GB reserved,       2.31 MB ( <1%) committed,  1 nodes.
             Both:        1.06 GB reserved,      20.31 MB (  2%) committed. 

Chunk freelists:
   Non-Class:  13.62 MB
       Class:  13.56 MB
        Both:  27.18 MB

MaxMetaspaceSize: unlimited
CompressedClassSpaceSize: 1.00 GB
Initial GC threshold: 21.00 MB
Current GC threshold: 21.00 MB
CDS: off
MetaspaceReclaimPolicy: balanced
 - commit_granule_bytes: 65536.
 - commit_granule_words: 8192.
 - virtual_space_node_default_size: 8388608.
 - enlarge_chunks_in_place: 1.
 - new_chunks_are_fully_committed: 0.
 - uncommit_free_chunks: 1.
 - use_allocation_guard: 0.
 - handle_deallocations: 1.


Internal statistics:

num_allocs_failed_limit: 0.
num_arena_births: 228.
num_arena_deaths: 0.
num_vsnodes_births: 2.
num_vsnodes_deaths: 0.
num_space_committed: 325.
num_space_uncommitted: 0.
num_chunks_returned_to_freelist: 0.
num_chunks_taken_from_freelist: 506.
num_chunk_merges: 0.
num_chunk_splits: 287.
num_chunks_enlarged: 183.
num_inconsistent_stats: 0.

CodeHeap 'non-profiled nmethods': size=120000Kb used=566Kb max_used=566Kb free=119433Kb
 bounds [0x000001aa87ad0000, 0x000001aa87d40000, 0x000001aa8f000000]
CodeHeap 'profiled nmethods': size=120000Kb used=3361Kb max_used=3361Kb free=116638Kb
 bounds [0x000001aa80000000, 0x000001aa80350000, 0x000001aa87530000]
CodeHeap 'non-nmethods': size=5760Kb used=1208Kb max_used=1272Kb free=4551Kb
 bounds [0x000001aa87530000, 0x000001aa877a0000, 0x000001aa87ad0000]
 total_blobs=2309 nmethods=1801 adapters=420
 compilation: enabled
              stopped_count=0, restarted_count=0
 full_count=0

Compilation events (20 events):
Event: 31.797 Thread 0x000001aa930585b0 nmethod 1789 0x000001aa80343810 code [0x000001aa80343a40, 0x000001aa803443b8]
Event: 31.797 Thread 0x000001aa930585b0 1788       3       java.util.ArrayDeque::removeFirst (19 bytes)
Event: 31.798 Thread 0x000001aa930585b0 nmethod 1788 0x000001aa80344690 code [0x000001aa80344840, 0x000001aa80344af8]
Event: 31.798 Thread 0x000001aa930585b0 1795       3       java.util.stream.ReduceOps$3::makeSink (5 bytes)
Event: 31.798 Thread 0x000001aa930585b0 nmethod 1795 0x000001aa80344c10 code [0x000001aa80344dc0, 0x000001aa80344f08]
Event: 31.798 Thread 0x000001aa930585b0 1799       3       java.util.Spliterators$ArraySpliterator::forEachRemaining (68 bytes)
Event: 31.799 Thread 0x000001aa930585b0 nmethod 1799 0x000001aa80344f90 code [0x000001aa80345160, 0x000001aa803455d8]
Event: 31.799 Thread 0x000001aa930585b0 1796       3       java.util.AbstractList::subListRangeCheck (110 bytes)
Event: 31.801 Thread 0x000001aa930585b0 nmethod 1796 0x000001aa80345790 code [0x000001aa80345b40, 0x000001aa80346e68]
Event: 31.802 Thread 0x000001aa930585b0 1798       3       java.util.Arrays::stream (8 bytes)
Event: 31.802 Thread 0x000001aa930585b0 nmethod 1798 0x000001aa80347590 code [0x000001aa80347740, 0x000001aa80347958]
Event: 31.802 Thread 0x000001aa930585b0 1794       1       java.util.AbstractMap$SimpleImmutableEntry::getValue (5 bytes)
Event: 31.802 Thread 0x000001aa930585b0 nmethod 1794 0x000001aa87b5cd10 code [0x000001aa87b5cea0, 0x000001aa87b5cf78]
Event: 31.802 Thread 0x000001aa930585b0 1802       3       java.nio.DirectLongBufferU::ix (10 bytes)
Event: 31.803 Thread 0x000001aa930585b0 nmethod 1802 0x000001aa80347a90 code [0x000001aa80347c20, 0x000001aa80347d38]
Event: 31.803 Thread 0x000001aa930585b0 1803       3       java.util.ArrayList::subList (20 bytes)
Event: 31.803 Thread 0x000001aa93057b00 nmethod 1793 0x000001aa87b5d010 code [0x000001aa87b5d1c0, 0x000001aa87b5d3f8]
Event: 31.803 Thread 0x000001aa93057b00 1797       4       java.util.HashMap::putVal (300 bytes)
Event: 31.804 Thread 0x000001aa930585b0 nmethod 1803 0x000001aa80347e10 code [0x000001aa80347fe0, 0x000001aa803483a8]
Event: 31.804 Thread 0x000001aa930585b0 1804       3       sun.nio.fs.WindowsPathParser::normalize (233 bytes)

GC Heap History (2 events):
Event: 4.455 GC heap before
{Heap before GC invocations=0 (full 0):
 garbage-first heap   total 120832K, used 22528K [0x000000008ba00000, 0x0000000100000000)
  region size 1024K, 23 young (23552K), 0 survivors (0K)
 Metaspace       used 17204K, committed 17472K, reserved 1114112K
  class space    used 1755K, committed 1856K, reserved 1048576K
}
Event: 4.474 GC heap after
{Heap after GC invocations=1 (full 0):
 garbage-first heap   total 120832K, used 5344K [0x000000008ba00000, 0x0000000100000000)
  region size 1024K, 3 young (3072K), 3 survivors (3072K)
 Metaspace       used 17204K, committed 17472K, reserved 1114112K
  class space    used 1755K, committed 1856K, reserved 1048576K
}

Dll operation events (7 events):
Event: 0.016 Loaded shared library C:\Users\Usuario\.p2\pool\plugins\org.eclipse.justj.openjdk.hotspot.jre.full.win32.x86_64_17.0.10.v20240120-1143\jre\bin\java.dll
Event: 0.437 Loaded shared library C:\Users\Usuario\.p2\pool\plugins\org.eclipse.justj.openjdk.hotspot.jre.full.win32.x86_64_17.0.10.v20240120-1143\jre\bin\net.dll
Event: 0.442 Loaded shared library C:\Users\Usuario\.p2\pool\plugins\org.eclipse.justj.openjdk.hotspot.jre.full.win32.x86_64_17.0.10.v20240120-1143\jre\bin\nio.dll
Event: 0.461 Loaded shared library C:\Users\Usuario\.p2\pool\plugins\org.eclipse.justj.openjdk.hotspot.jre.full.win32.x86_64_17.0.10.v20240120-1143\jre\bin\zip.dll
Event: 0.757 Loaded shared library C:\Users\Usuario\.p2\pool\plugins\org.eclipse.justj.openjdk.hotspot.jre.full.win32.x86_64_17.0.10.v20240120-1143\jre\bin\jimage.dll
Event: 1.059 Loaded shared library C:\Users\Usuario\.p2\pool\plugins\org.eclipse.justj.openjdk.hotspot.jre.full.win32.x86_64_17.0.10.v20240120-1143\jre\bin\extnet.dll
Event: 4.101 Loaded shared library C:\Users\Usuario\.p2\pool\plugins\org.eclipse.justj.openjdk.hotspot.jre.full.win32.x86_64_17.0.10.v20240120-1143\jre\bin\sunmscapi.dll

Deoptimization events (20 events):
Event: 8.139 Thread 0x000001aaef030040 DEOPT PACKING pc=0x000001aa87b1a1d8 sp=0x0000001ea1ffe3d0
Event: 8.139 Thread 0x000001aaef030040 DEOPT UNPACKING pc=0x000001aa875869a3 sp=0x0000001ea1ffe318 mode 2
Event: 9.316 Thread 0x000001aaef030040 DEOPT PACKING pc=0x000001aa8002c43e sp=0x0000001ea1ffc8e0
Event: 9.316 Thread 0x000001aaef030040 DEOPT UNPACKING pc=0x000001aa87587143 sp=0x0000001ea1ffbd58 mode 0
Event: 25.464 Thread 0x000001aaef030040 Uncommon trap: trap_request=0xffffffde fr.pc=0x000001aa87b1a1d8 relative=0x00000000000009b8
Event: 25.464 Thread 0x000001aaef030040 Uncommon trap: reason=class_check action=maybe_recompile pc=0x000001aa87b1a1d8 method=java.util.HashMap.putVal(ILjava/lang/Object;Ljava/lang/Object;ZZ)Ljava/lang/Object; @ 253 c2
Event: 25.464 Thread 0x000001aaef030040 DEOPT PACKING pc=0x000001aa87b1a1d8 sp=0x0000001ea1ffe2b0
Event: 25.464 Thread 0x000001aaef030040 DEOPT UNPACKING pc=0x000001aa875869a3 sp=0x0000001ea1ffe1f8 mode 2
Event: 25.511 Thread 0x000001aa94211810 Uncommon trap: trap_request=0xffffffde fr.pc=0x000001aa87b1b688 relative=0x0000000000000a68
Event: 25.511 Thread 0x000001aa94211810 Uncommon trap: reason=class_check action=maybe_recompile pc=0x000001aa87b1b688 method=java.util.HashMap.putVal(ILjava/lang/Object;Ljava/lang/Object;ZZ)Ljava/lang/Object; @ 91 c2
Event: 25.511 Thread 0x000001aa94211810 DEOPT PACKING pc=0x000001aa87b1b688 sp=0x0000001ea4fff190
Event: 25.511 Thread 0x000001aa94211810 DEOPT UNPACKING pc=0x000001aa875869a3 sp=0x0000001ea4fff160 mode 2
Event: 25.513 Thread 0x000001aa94211810 Uncommon trap: trap_request=0xffffffde fr.pc=0x000001aa87b1b688 relative=0x0000000000000a68
Event: 25.513 Thread 0x000001aa94211810 Uncommon trap: reason=class_check action=maybe_recompile pc=0x000001aa87b1b688 method=java.util.HashMap.putVal(ILjava/lang/Object;Ljava/lang/Object;ZZ)Ljava/lang/Object; @ 91 c2
Event: 25.513 Thread 0x000001aa94211810 DEOPT PACKING pc=0x000001aa87b1b688 sp=0x0000001ea4fff190
Event: 25.514 Thread 0x000001aa94211810 DEOPT UNPACKING pc=0x000001aa875869a3 sp=0x0000001ea4fff160 mode 2
Event: 31.793 Thread 0x000001aaef030040 Uncommon trap: trap_request=0xffffffde fr.pc=0x000001aa87b1a1d8 relative=0x00000000000009b8
Event: 31.793 Thread 0x000001aaef030040 Uncommon trap: reason=class_check action=maybe_recompile pc=0x000001aa87b1a1d8 method=java.util.HashMap.putVal(ILjava/lang/Object;Ljava/lang/Object;ZZ)Ljava/lang/Object; @ 253 c2
Event: 31.793 Thread 0x000001aaef030040 DEOPT PACKING pc=0x000001aa87b1a1d8 sp=0x0000001ea1ffe320
Event: 31.793 Thread 0x000001aaef030040 DEOPT UNPACKING pc=0x000001aa875869a3 sp=0x0000001ea1ffe268 mode 2

Classes unloaded (0 events):
No events

Classes redefined (0 events):
No events

Internal exceptions (20 events):
Event: 27.184 Thread 0x000001aa9303f680 Exception <a 'java/net/ConnectException'{0x0000000092118df0}: Connection refused: no further information> (0x0000000092118df0) 
thrown [s\src\hotspot\share\prims\jni.cpp, line 535]
Event: 27.184 Thread 0x000001aa9303f680 Exception <a 'java/net/SocketException'{0x0000000092119128}: Socket is not connected: shutdown> (0x0000000092119128) 
thrown [s\src\hotspot\share\prims\jni.cpp, line 535]
Event: 27.202 Thread 0x000001aa9303f680 Exception <a 'java/net/ConnectException'{0x000000009211a100}: Connection refused: no further information> (0x000000009211a100) 
thrown [s\src\hotspot\share\prims\jni.cpp, line 535]
Event: 27.202 Thread 0x000001aa9303f680 Exception <a 'java/net/SocketException'{0x000000009211a438}: Socket is not connected: shutdown> (0x000000009211a438) 
thrown [s\src\hotspot\share\prims\jni.cpp, line 535]
Event: 27.233 Thread 0x000001aa9303f680 Exception <a 'java/net/ConnectException'{0x000000009211b410}: Connection refused: no further information> (0x000000009211b410) 
thrown [s\src\hotspot\share\prims\jni.cpp, line 535]
Event: 27.233 Thread 0x000001aa9303f680 Exception <a 'java/net/SocketException'{0x000000009211b748}: Socket is not connected: shutdown> (0x000000009211b748) 
thrown [s\src\hotspot\share\prims\jni.cpp, line 535]
Event: 27.279 Thread 0x000001aa9303f680 Exception <a 'java/net/ConnectException'{0x000000009211c720}: Connection refused: no further information> (0x000000009211c720) 
thrown [s\src\hotspot\share\prims\jni.cpp, line 535]
Event: 27.279 Thread 0x000001aa9303f680 Exception <a 'java/net/SocketException'{0x000000009211ca58}: Socket is not connected: shutdown> (0x000000009211ca58) 
thrown [s\src\hotspot\share\prims\jni.cpp, line 535]
Event: 27.373 Thread 0x000001aa9303f680 Exception <a 'java/net/ConnectException'{0x000000009211da30}: Connection refused: no further information> (0x000000009211da30) 
thrown [s\src\hotspot\share\prims\jni.cpp, line 535]
Event: 27.374 Thread 0x000001aa9303f680 Exception <a 'java/net/SocketException'{0x000000009211dd68}: Socket is not connected: shutdown> (0x000000009211dd68) 
thrown [s\src\hotspot\share\prims\jni.cpp, line 535]
Event: 27.543 Thread 0x000001aa9303f680 Exception <a 'java/net/ConnectException'{0x000000009211ed40}: Connection refused: no further information> (0x000000009211ed40) 
thrown [s\src\hotspot\share\prims\jni.cpp, line 535]
Event: 27.544 Thread 0x000001aa9303f680 Exception <a 'java/net/SocketException'{0x000000009211f078}: Socket is not connected: shutdown> (0x000000009211f078) 
thrown [s\src\hotspot\share\prims\jni.cpp, line 535]
Event: 27.874 Thread 0x000001aa9303f680 Exception <a 'java/net/ConnectException'{0x0000000092120050}: Connection refused: no further information> (0x0000000092120050) 
thrown [s\src\hotspot\share\prims\jni.cpp, line 535]
Event: 27.874 Thread 0x000001aa9303f680 Exception <a 'java/net/SocketException'{0x0000000092120388}: Socket is not connected: shutdown> (0x0000000092120388) 
thrown [s\src\hotspot\share\prims\jni.cpp, line 535]
Event: 28.204 Thread 0x000001aa9303f680 Exception <a 'java/net/ConnectException'{0x0000000092121360}: Connection refused: no further information> (0x0000000092121360) 
thrown [s\src\hotspot\share\prims\jni.cpp, line 535]
Event: 28.204 Thread 0x000001aa9303f680 Exception <a 'java/net/SocketException'{0x0000000092121698}: Socket is not connected: shutdown> (0x0000000092121698) 
thrown [s\src\hotspot\share\prims\jni.cpp, line 535]
Event: 28.537 Thread 0x000001aa9303f680 Exception <a 'java/net/ConnectException'{0x0000000092122670}: Connection refused: no further information> (0x0000000092122670) 
thrown [s\src\hotspot\share\prims\jni.cpp, line 535]
Event: 28.537 Thread 0x000001aa9303f680 Exception <a 'java/net/SocketException'{0x00000000921229a8}: Socket is not connected: shutdown> (0x00000000921229a8) 
thrown [s\src\hotspot\share\prims\jni.cpp, line 535]
Event: 28.878 Thread 0x000001aa9303f680 Exception <a 'java/net/ConnectException'{0x0000000092123980}: Connection refused: no further information> (0x0000000092123980) 
thrown [s\src\hotspot\share\prims\jni.cpp, line 535]
Event: 28.878 Thread 0x000001aa9303f680 Exception <a 'java/net/SocketException'{0x0000000092123cb8}: Socket is not connected: shutdown> (0x0000000092123cb8) 
thrown [s\src\hotspot\share\prims\jni.cpp, line 535]

VM Operations (20 events):
Event: 4.431 Executing VM operation: HandshakeAllThreads
Event: 4.431 Executing VM operation: HandshakeAllThreads done
Event: 4.444 Executing VM operation: HandshakeAllThreads
Event: 4.444 Executing VM operation: HandshakeAllThreads done
Event: 4.454 Executing VM operation: G1CollectForAllocation
Event: 4.474 Executing VM operation: G1CollectForAllocation done
Event: 5.478 Executing VM operation: Cleanup
Event: 5.478 Executing VM operation: Cleanup done
Event: 7.938 Executing VM operation: HandshakeAllThreads
Event: 7.938 Executing VM operation: HandshakeAllThreads done
Event: 8.949 Executing VM operation: Cleanup
Event: 8.949 Executing VM operation: Cleanup done
Event: 9.964 Executing VM operation: Cleanup
Event: 9.964 Executing VM operation: Cleanup done
Event: 12.992 Executing VM operation: Cleanup
Event: 12.992 Executing VM operation: Cleanup done
Event: 26.118 Executing VM operation: Cleanup
Event: 26.118 Executing VM operation: Cleanup done
Event: 30.136 Executing VM operation: Cleanup
Event: 30.136 Executing VM operation: Cleanup done

Events (20 events):
Event: 25.488 loading class java/nio/file/FileVisitor
Event: 25.488 loading class java/nio/file/FileVisitor done
Event: 25.495 Thread 0x000001aa94211810 Thread added: 0x000001aa94211810
Event: 25.496 Thread 0x000001aa94213670 Thread added: 0x000001aa94213670
Event: 25.500 Thread 0x000001aa94214090 Thread added: 0x000001aa94214090
Event: 25.525 Thread 0x000001aa94214090 Thread exited: 0x000001aa94214090
Event: 25.526 loading class java/util/IdentityHashMap$KeyIterator
Event: 25.527 loading class java/util/IdentityHashMap$IdentityHashMapIterator
Event: 25.529 loading class java/util/IdentityHashMap$IdentityHashMapIterator done
Event: 25.530 loading class java/util/IdentityHashMap$KeyIterator done
Event: 25.530 Thread 0x000001aa94213670 Thread exited: 0x000001aa94213670
Event: 25.546 Thread 0x000001aa94213670 Thread added: 0x000001aa94213670
Event: 27.151 Thread 0x000001aa94213670 Thread exited: 0x000001aa94213670
Event: 27.161 Thread 0x000001aa94214fc0 Thread added: 0x000001aa94214fc0
Event: 27.181 Thread 0x000001aa94214090 Thread added: 0x000001aa94214090
Event: 27.181 Thread 0x000001aa94214ab0 Thread added: 0x000001aa94214ab0
Event: 27.182 Thread 0x000001aa9420f9b0 Thread added: 0x000001aa9420f9b0
Event: 29.213 Thread 0x000001aa94213670 Thread added: 0x000001aa94213670
Event: 29.226 Thread 0x000001aa942154d0 Thread added: 0x000001aa942154d0
Event: 29.233 Thread 0x000001aa9420ea80 Thread added: 0x000001aa9420ea80


Dynamic libraries:
0x00007ff6eeb20000 - 0x00007ff6eeb2e000 	C:\Users\Usuario\.p2\pool\plugins\org.eclipse.justj.openjdk.hotspot.jre.full.win32.x86_64_17.0.10.v20240120-1143\jre\bin\javaw.exe
0x00007ff8e98d0000 - 0x00007ff8e9ac8000 	C:\WINDOWS\SYSTEM32\ntdll.dll
0x00007ff8b7710000 - 0x00007ff8b7729000 	C:\Program Files\AVAST Software\Avast\aswhook.dll
0x00007ff8e7a90000 - 0x00007ff8e7b4d000 	C:\WINDOWS\System32\KERNEL32.DLL
0x00007ff8e7290000 - 0x00007ff8e7586000 	C:\WINDOWS\System32\KERNELBASE.dll
0x00007ff8e76f0000 - 0x00007ff8e77f0000 	C:\WINDOWS\System32\ucrtbase.dll
0x00007ff8ca0c0000 - 0x00007ff8ca0d7000 	C:\Users\Usuario\.p2\pool\plugins\org.eclipse.justj.openjdk.hotspot.jre.full.win32.x86_64_17.0.10.v20240120-1143\jre\bin\jli.dll
0x00007ff8c9ef0000 - 0x00007ff8c9f0b000 	C:\Users\Usuario\.p2\pool\plugins\org.eclipse.justj.openjdk.hotspot.jre.full.win32.x86_64_17.0.10.v20240120-1143\jre\bin\VCRUNTIME140.dll
0x00007ff8e8ad0000 - 0x00007ff8e8c6f000 	C:\WINDOWS\System32\USER32.dll
0x00007ff8e7230000 - 0x00007ff8e7252000 	C:\WINDOWS\System32\win32u.dll
0x00007ff8d3ff0000 - 0x00007ff8d428a000 	C:\WINDOWS\WinSxS\amd64_microsoft.windows.common-controls_6595b64144ccf1df_6.0.19041.3636_none_60b6a03d71f818d5\COMCTL32.dll
0x00007ff8e8550000 - 0x00007ff8e857b000 	C:\WINDOWS\System32\GDI32.dll
0x00007ff8e8c70000 - 0x00007ff8e8d0e000 	C:\WINDOWS\System32\msvcrt.dll
0x00007ff8e6f80000 - 0x00007ff8e7097000 	C:\WINDOWS\System32\gdi32full.dll
0x00007ff8e7860000 - 0x00007ff8e78fd000 	C:\WINDOWS\System32\msvcp_win.dll
0x00007ff8e7c70000 - 0x00007ff8e7ca2000 	C:\WINDOWS\System32\IMM32.DLL
0x00007ff8ddb20000 - 0x00007ff8ddb2c000 	C:\Users\Usuario\.p2\pool\plugins\org.eclipse.justj.openjdk.hotspot.jre.full.win32.x86_64_17.0.10.v20240120-1143\jre\bin\vcruntime140_1.dll
0x00007ff8a8530000 - 0x00007ff8a85bd000 	C:\Users\Usuario\.p2\pool\plugins\org.eclipse.justj.openjdk.hotspot.jre.full.win32.x86_64_17.0.10.v20240120-1143\jre\bin\msvcp140.dll
0x00007ff892fc0000 - 0x00007ff893c22000 	C:\Users\Usuario\.p2\pool\plugins\org.eclipse.justj.openjdk.hotspot.jre.full.win32.x86_64_17.0.10.v20240120-1143\jre\bin\server\jvm.dll
0x00007ff8e9180000 - 0x00007ff8e9230000 	C:\WINDOWS\System32\ADVAPI32.dll
0x00007ff8e97f0000 - 0x00007ff8e9890000 	C:\WINDOWS\System32\sechost.dll
0x00007ff8e9240000 - 0x00007ff8e9363000 	C:\WINDOWS\System32\RPCRT4.dll
0x00007ff8e7260000 - 0x00007ff8e7287000 	C:\WINDOWS\System32\bcrypt.dll
0x00007ff8def00000 - 0x00007ff8def27000 	C:\WINDOWS\SYSTEM32\WINMM.dll
0x00007ff8d2190000 - 0x00007ff8d2199000 	C:\WINDOWS\SYSTEM32\WSOCK32.dll
0x00007ff8d4ec0000 - 0x00007ff8d4eca000 	C:\WINDOWS\SYSTEM32\VERSION.dll
0x00007ff8e8770000 - 0x00007ff8e87db000 	C:\WINDOWS\System32\WS2_32.dll
0x00007ff8e6d30000 - 0x00007ff8e6d7b000 	C:\WINDOWS\SYSTEM32\POWRPROF.dll
0x00007ff8e6d10000 - 0x00007ff8e6d22000 	C:\WINDOWS\SYSTEM32\UMPDC.dll
0x00007ff8e57a0000 - 0x00007ff8e57b2000 	C:\WINDOWS\SYSTEM32\kernel.appcore.dll
0x00007ff8e1050000 - 0x00007ff8e105a000 	C:\Users\Usuario\.p2\pool\plugins\org.eclipse.justj.openjdk.hotspot.jre.full.win32.x86_64_17.0.10.v20240120-1143\jre\bin\jimage.dll
0x00007ff8e4d10000 - 0x00007ff8e4ef4000 	C:\WINDOWS\SYSTEM32\DBGHELP.DLL
0x00007ff8d5e70000 - 0x00007ff8d5ea4000 	C:\WINDOWS\SYSTEM32\dbgcore.DLL
0x00007ff8e70a0000 - 0x00007ff8e7122000 	C:\WINDOWS\System32\bcryptPrimitives.dll
0x00007ff8b0050000 - 0x00007ff8b0075000 	C:\Users\Usuario\.p2\pool\plugins\org.eclipse.justj.openjdk.hotspot.jre.full.win32.x86_64_17.0.10.v20240120-1143\jre\bin\java.dll
0x00007ff8dd190000 - 0x00007ff8dd1a8000 	C:\Users\Usuario\.p2\pool\plugins\org.eclipse.justj.openjdk.hotspot.jre.full.win32.x86_64_17.0.10.v20240120-1143\jre\bin\zip.dll
0x00007ff8e7cb0000 - 0x00007ff8e841b000 	C:\WINDOWS\System32\SHELL32.dll
0x00007ff8e4f00000 - 0x00007ff8e569e000 	C:\WINDOWS\SYSTEM32\windows.storage.dll
0x00007ff8e9370000 - 0x00007ff8e96c3000 	C:\WINDOWS\System32\combase.dll
0x00007ff8e68e0000 - 0x00007ff8e690e000 	C:\WINDOWS\SYSTEM32\Wldp.dll
0x00007ff8e8630000 - 0x00007ff8e86fd000 	C:\WINDOWS\System32\OLEAUT32.dll
0x00007ff8e9740000 - 0x00007ff8e97ed000 	C:\WINDOWS\System32\SHCORE.dll
0x00007ff8e96d0000 - 0x00007ff8e9725000 	C:\WINDOWS\System32\shlwapi.dll
0x00007ff8e6eb0000 - 0x00007ff8e6ed3000 	C:\WINDOWS\SYSTEM32\profapi.dll
0x00007ff8d15e0000 - 0x00007ff8d15f9000 	C:\Users\Usuario\.p2\pool\plugins\org.eclipse.justj.openjdk.hotspot.jre.full.win32.x86_64_17.0.10.v20240120-1143\jre\bin\net.dll
0x00007ff8e1140000 - 0x00007ff8e124a000 	C:\WINDOWS\SYSTEM32\WINHTTP.dll
0x00007ff8e6640000 - 0x00007ff8e66aa000 	C:\WINDOWS\system32\mswsock.dll
0x00007ff8cb300000 - 0x00007ff8cb316000 	C:\Users\Usuario\.p2\pool\plugins\org.eclipse.justj.openjdk.hotspot.jre.full.win32.x86_64_17.0.10.v20240120-1143\jre\bin\nio.dll
0x00007ff8cc3c0000 - 0x00007ff8cc3c9000 	C:\Users\Usuario\.p2\pool\plugins\org.eclipse.justj.openjdk.hotspot.jre.full.win32.x86_64_17.0.10.v20240120-1143\jre\bin\extnet.dll
0x00007ff8e6360000 - 0x00007ff8e642b000 	C:\WINDOWS\SYSTEM32\DNSAPI.dll
0x00007ff8e6320000 - 0x00007ff8e635b000 	C:\WINDOWS\SYSTEM32\IPHLPAPI.DLL
0x00007ff8e9730000 - 0x00007ff8e9738000 	C:\WINDOWS\System32\NSI.dll
0x00007ff8d3480000 - 0x00007ff8d348a000 	C:\Windows\System32\rasadhlp.dll
0x00007ff8d3330000 - 0x00007ff8d33b0000 	C:\WINDOWS\System32\fwpuclnt.dll
0x00007ff8e6840000 - 0x00007ff8e6858000 	C:\WINDOWS\SYSTEM32\CRYPTSP.dll
0x00007ff8e5f60000 - 0x00007ff8e5f94000 	C:\WINDOWS\system32\rsaenh.dll
0x00007ff8e6e70000 - 0x00007ff8e6e9e000 	C:\WINDOWS\SYSTEM32\USERENV.dll
0x00007ff8e6830000 - 0x00007ff8e683c000 	C:\WINDOWS\SYSTEM32\CRYPTBASE.dll
0x00007ff8d5e50000 - 0x00007ff8d5e67000 	C:\WINDOWS\SYSTEM32\dhcpcsvc6.DLL
0x00007ff8da880000 - 0x00007ff8da89d000 	C:\WINDOWS\SYSTEM32\dhcpcsvc.DLL
0x00007ff8d48b0000 - 0x00007ff8d48be000 	C:\Users\Usuario\.p2\pool\plugins\org.eclipse.justj.openjdk.hotspot.jre.full.win32.x86_64_17.0.10.v20240120-1143\jre\bin\sunmscapi.dll
0x00007ff8e7590000 - 0x00007ff8e76ee000 	C:\WINDOWS\System32\CRYPT32.dll
0x00007ff8e6950000 - 0x00007ff8e6978000 	C:\WINDOWS\SYSTEM32\ncrypt.dll
0x00007ff8e6910000 - 0x00007ff8e694b000 	C:\WINDOWS\SYSTEM32\NTASN1.dll
0x00007ff8e1040000 - 0x00007ff8e1047000 	C:\WINDOWS\system32\wshunix.dll

dbghelp: loaded successfully - version: 4.0.5 - missing functions: none
symbol engine: initialized successfully - sym options: 0x614 - pdb path: .;C:\Users\Usuario\.p2\pool\plugins\org.eclipse.justj.openjdk.hotspot.jre.full.win32.x86_64_17.0.10.v20240120-1143\jre\bin;C:\WINDOWS\SYSTEM32;C:\Program Files\AVAST Software\Avast;C:\WINDOWS\WinSxS\amd64_microsoft.windows.common-controls_6595b64144ccf1df_6.0.19041.3636_none_60b6a03d71f818d5;C:\Users\Usuario\.p2\pool\plugins\org.eclipse.justj.openjdk.hotspot.jre.full.win32.x86_64_17.0.10.v20240120-1143\jre\bin\server

VM Arguments:
jvm_args: -Dfile.encoding=windows-1252 -Dstdout.encoding=windows-1252 -Dstderr.encoding=windows-1252 -XX:+ShowCodeDetailsInExceptionMessages 
java_command: prueba.Prueba
java_class_path (initial): C:\Users\Usuario\eclipse-workspace\PruebasSelenium\target\classes;C:\Users\Usuario\.m2\repository\org\seleniumhq\selenium\selenium-java\4.19.1\selenium-java-4.19.1.jar;C:\Users\Usuario\.m2\repository\org\seleniumhq\selenium\selenium-api\4.19.1\selenium-api-4.19.1.jar;C:\Users\Usuario\.m2\repository\org\seleniumhq\selenium\selenium-chrome-driver\4.19.1\selenium-chrome-driver-4.19.1.jar;C:\Users\Usuario\.m2\repository\com\google\auto\service\auto-service-annotations\1.1.1\auto-service-annotations-1.1.1.jar;C:\Users\Usuario\.m2\repository\org\seleniumhq\selenium\selenium-chromium-driver\4.19.1\selenium-chromium-driver-4.19.1.jar;C:\Users\Usuario\.m2\repository\org\seleniumhq\selenium\selenium-json\4.19.1\selenium-json-4.19.1.jar;C:\Users\Usuario\.m2\repository\org\seleniumhq\selenium\selenium-manager\4.19.1\selenium-manager-4.19.1.jar;C:\Users\Usuario\.m2\repository\org\seleniumhq\selenium\selenium-devtools-v121\4.19.1\selenium-devtools-v121-4.19.1.jar;C:\Users\Usuario\.m2\repository\org\seleniumhq\selenium\selenium-devtools-v122\4.19.1\selenium-devtools-v122-4.19.1.jar;C:\Users\Usuario\.m2\repository\org\seleniumhq\selenium\selenium-devtools-v123\4.19.1\selenium-devtools-v123-4.19.1.jar;C:\Users\Usuario\.m2\repository\org\seleniumhq\selenium\selenium-devtools-v85\4.19.1\selenium-devtools-v85-4.19.1.jar;C:\Users\Usuario\.m2\repository\org\seleniumhq\selenium\selenium-edge-driver\4.19.1\selenium-edge-driver-4.19.1.jar;C:\Users\Usuario\.m2\repository\org\seleniumhq\selenium\selenium-firefox-driver\4.19.1\selenium-firefox-driver-4.19.1.jar;C:\Users\Usuario\.m2\repository\org\seleniumhq\selenium\selenium-http\4.19.1\selenium-http-4.19.1.jar;C:\Users\Usuario\.m2\repository\dev\failsafe\failsafe\3.3.2\failsafe-3.3.2.jar;C:\Users\Usuario\.m2\repository\org\seleniumhq\selenium\selenium-ie-driver\4.19.1\selenium-ie-driver-4.19.1.jar;C:\Users\Usuario\.m2\repository\org\seleniumhq\selenium\selenium-remote-driver\4.19.1\selenium-remote-driver-4.19.1.ja
Launcher Type: SUN_STANDARD

[Global flags]
     intx CICompilerCount                          = 4                                         {product} {ergonomic}
     uint ConcGCThreads                            = 2                                         {product} {ergonomic}
     uint G1ConcRefinementThreads                  = 8                                         {product} {ergonomic}
   size_t G1HeapRegionSize                         = 1048576                                   {product} {ergonomic}
    uintx GCDrainStackTargetSize                   = 64                                        {product} {ergonomic}
   size_t InitialHeapSize                          = 123731968                                 {product} {ergonomic}
   size_t MarkStackSize                            = 4194304                                   {product} {ergonomic}
   size_t MaxHeapSize                              = 1952448512                                {product} {ergonomic}
   size_t MaxNewSize                               = 1171259392                                {product} {ergonomic}
   size_t MinHeapDeltaBytes                        = 1048576                                   {product} {ergonomic}
   size_t MinHeapSize                              = 8388608                                   {product} {ergonomic}
    uintx NonNMethodCodeHeapSize                   = 5839372                                {pd product} {ergonomic}
    uintx NonProfiledCodeHeapSize                  = 122909434                              {pd product} {ergonomic}
    uintx ProfiledCodeHeapSize                     = 122909434                              {pd product} {ergonomic}
    uintx ReservedCodeCacheSize                    = 251658240                              {pd product} {ergonomic}
     bool SegmentedCodeCache                       = true                                      {product} {ergonomic}
     bool ShowCodeDetailsInExceptionMessages       = true                                   {manageable} {command line}
   size_t SoftMaxHeapSize                          = 1952448512                             {manageable} {ergonomic}
     bool UseCompressedClassPointers               = true                           {product lp64_product} {ergonomic}
     bool UseCompressedOops                        = true                           {product lp64_product} {ergonomic}
     bool UseG1GC                                  = true                                      {product} {ergonomic}
     bool UseLargePagesIndividualAllocation        = false                                  {pd product} {ergonomic}

Logging:
Log output configuration:
 #0: stdout all=warning uptime,level,tags
 #1: stderr all=off uptime,level,tags

Environment Variables:
PATH=C:/Users/Usuario/.p2/pool/plugins/org.eclipse.justj.openjdk.hotspot.jre.full.win32.x86_64_17.0.10.v20240120-1143/jre/bin/server;C:/Users/Usuario/.p2/pool/plugins/org.eclipse.justj.openjdk.hotspot.jre.full.win32.x86_64_17.0.10.v20240120-1143/jre/bin;C:\Program Files (x86)\Common Files\Oracle\Java\javapath;C:\Program Files (x86)\Intel\Intel(R) Management Engine Components\iCLS\;C:\Program Files\Intel\Intel(R) Management Engine Components\iCLS\;C:\WINDOWS\system32;C:\WINDOWS;C:\WINDOWS\System32\Wbem;C:\WINDOWS\System32\WindowsPowerShell\v1.0\;C:\WINDOWS\System32\OpenSSH\;C:\Program Files (x86)\Windows Live\Shared;C:\Program Files (x86)\Intel\Intel(R) Management Engine Components\DAL;C:\Program Files\Intel\Intel(R) Management Engine Components\DAL;C:\Program Files (x86)\Intel\Intel(R) Management Engine Components\IPT;C:\Program Files\Intel\Intel(R) Management Engine Components\IPT;C:\Program Files\Oracle\VirtualBox;C:\Program Files\AutoFirma\AutoFirma;C:\Program Files\AutoFirmaJA\AutoFirmaJA;C:\Program Files\Java\jdk-13.0.2\bin;C:\Program Files\Git\cmd;C:\Program Files\Git\mingw64\bin;C:\Program Files\Git\usr\bin;C:\Users\Usuario\AppData\Local\Programs\Python\Python39\Scripts\;C:\Users\Usuario\AppData\Local\Programs\Python\Python39\;C:\Users\Usuario\AppData\Local\Microsoft\WindowsApps;;C:\Users\Usuario\AppData\Local\Programs\Microsoft VS Code\bin;C:\Users\Usuario\eclipse\java-2023-123\eclipse;
USERNAME=Usuario
OS=Windows_NT
PROCESSOR_IDENTIFIER=Intel64 Family 6 Model 142 Stepping 10, GenuineIntel
TMP=C:\Users\Usuario\AppData\Local\Temp
TEMP=C:\Users\Usuario\AppData\Local\Temp



Periodic native trim disabled


---------------  S Y S T E M  ---------------

OS:
 Windows 10 , 64 bit Build 19041 (10.0.19041.3636)
OS uptime: 0 days 9:22 hours

CPU: total 8 (initial active 8) (4 cores per cpu, 2 threads per core) family 6 model 142 stepping 10 microcode 0xb4, cx8, cmov, fxsr, ht, mmx, 3dnowpref, sse, sse2, sse3, ssse3, sse4.1, sse4.2, popcnt, lzcnt, tsc, tscinvbit, avx, avx2, aes, erms, clmul, bmi1, bmi2, adx, fma, vzeroupper, clflush, clflushopt
Processor Information for processor 0
  Max Mhz: 1800, Current Mhz: 1400, Mhz Limit: 1584
Processor Information for processor 1
  Max Mhz: 1800, Current Mhz: 1400, Mhz Limit: 1584
Processor Information for processor 2
  Max Mhz: 1800, Current Mhz: 1400, Mhz Limit: 1584
Processor Information for processor 3
  Max Mhz: 1800, Current Mhz: 1400, Mhz Limit: 1584
Processor Information for processor 4
  Max Mhz: 1800, Current Mhz: 1600, Mhz Limit: 1584
Processor Information for processor 5
  Max Mhz: 1800, Current Mhz: 1400, Mhz Limit: 1584
Processor Information for processor 6
  Max Mhz: 1800, Current Mhz: 1400, Mhz Limit: 1584
Processor Information for processor 7
  Max Mhz: 1800, Current Mhz: 1400, Mhz Limit: 1584

Memory: 4k page, system-wide physical 7441M (435M free)
TotalPageFile size 11537M (AvailPageFile size 39M)
current process WorkingSet (physical memory assigned to process): 94M, peak: 109M
current process commit charge ("private bytes"): 221M, peak: 237M

vm_info: OpenJDK 64-Bit Server VM (17.0.10+7) for windows-amd64 JRE (17.0.10+7), built on Jan 16 2024 23:25:11 by "admin" with MS VC++ 16.10 / 16.11 (VS2019)

END.
